<?xml version="1.0" encoding="UTF-8"?>
<testng-results ignored="0" total="1" passed="1" failed="0" skipped="0">
  <reporter-output>
  </reporter-output>
  <suite started-at="2023-01-25T15:38:42 IST" name="Default suite" finished-at="2023-01-25T15:38:47 IST" duration-ms="4465">
    <groups>
    </groups>
    <test started-at="2023-01-25T15:38:42 IST" name="Default test" finished-at="2023-01-25T15:38:47 IST" duration-ms="4465">
      <class name="Testing.FastraxCP.LandingPage_Elements">
        <test-method signature="launch()[pri:0, instance:Testing.FastraxCP.LandingPage_Elements@5d7148e2]" started-at="2023-01-25T15:38:42 IST" name="launch" finished-at="2023-01-25T15:38:47 IST" duration-ms="4437" status="PASS">
          <reporter-output>
          </reporter-output>
        </test-method> <!-- launch -->
      </class> <!-- Testing.FastraxCP.LandingPage_Elements -->
    </test> <!-- Default test -->
  </suite> <!-- Default suite -->
</testng-results>
